android/app/build/intermediates/manifest_merge_blame_file/debug/manifest-merger-blame-debug-report.txt
1<?xml version="1.0" encoding="utf-8"?>
2<manifest xmlns:android="http://schemas.android.com/apk/res/android"
3    package="com.van.status"
4    android:versionCode="1"
5    android:versionName="1.0" >
6
7    <uses-sdk
8        android:minSdkVersion="26"
9        android:targetSdkVersion="34" />
10
11    <!-- Foreground service and alert window permissions -->
12    <uses-permission android:name="android.permission.FOREGROUND_SERVICE" />
12-->src\main\AndroidManifest.xml:5:5-77
12-->src\main\AndroidManifest.xml:5:22-74
13    <uses-permission android:name="android.permission.FOREGROUND_SERVICE_CONNECTED_DEVICE" />
13-->src\main\AndroidManifest.xml:6:5-94
13-->src\main\AndroidManifest.xml:6:22-91
14    <uses-permission android:name="android.permission.SYSTEM_ALERT_WINDOW" />
14-->src\main\AndroidManifest.xml:7:5-78
14-->src\main\AndroidManifest.xml:7:22-75
15
16    <!-- USB host features -->
17    <uses-feature android:name="android.hardware.usb.host" />
17-->src\main\AndroidManifest.xml:10:5-62
17-->src\main\AndroidManifest.xml:10:19-59
18
19    <permission
19-->[androidx.core:core:1.12.0] AndroidManifest.xml:22:5-24:47
20        android:name="com.van.status.DYNAMIC_RECEIVER_NOT_EXPORTED_PERMISSION"
20-->[androidx.core:core:1.12.0] AndroidManifest.xml:23:9-81
21        android:protectionLevel="signature" />
21-->[androidx.core:core:1.12.0] AndroidManifest.xml:24:9-44
22
23    <uses-permission android:name="com.van.status.DYNAMIC_RECEIVER_NOT_EXPORTED_PERMISSION" />
23-->[androidx.core:core:1.12.0] AndroidManifest.xml:26:5-97
23-->[androidx.core:core:1.12.0] AndroidManifest.xml:26:22-94
24
25    <application
25-->src\main\AndroidManifest.xml:12:5-45:19
26        android:allowBackup="true"
26-->src\main\AndroidManifest.xml:13:9-35
27        android:appComponentFactory="androidx.core.app.CoreComponentFactory"
27-->[androidx.core:core:1.12.0] AndroidManifest.xml:28:18-86
28        android:debuggable="true"
29        android:extractNativeLibs="false"
30        android:icon="@android:drawable/sym_def_app_icon"
30-->src\main\AndroidManifest.xml:14:9-58
31        android:label="Van Door Telemetry"
31-->src\main\AndroidManifest.xml:15:9-43
32        android:roundIcon="@android:drawable/sym_def_app_icon"
32-->src\main\AndroidManifest.xml:16:9-63
33        android:supportsRtl="true"
33-->src\main\AndroidManifest.xml:17:9-35
34        android:theme="@android:style/Theme.DeviceDefault.NoActionBar" >
34-->src\main\AndroidManifest.xml:18:9-71
35        <activity
35-->src\main\AndroidManifest.xml:20:9-38:20
36            android:name="com.van.status.MainActivity"
36-->src\main\AndroidManifest.xml:21:13-41
37            android:exported="true"
37-->src\main\AndroidManifest.xml:22:13-36
38            android:launchMode="singleTop"
38-->src\main\AndroidManifest.xml:23:13-43
39            android:screenOrientation="landscape"
39-->src\main\AndroidManifest.xml:24:13-50
40            android:theme="@android:style/Theme.DeviceDefault.NoActionBar" >
40-->src\main\AndroidManifest.xml:25:13-75
41            <intent-filter>
41-->src\main\AndroidManifest.xml:26:13-29:29
42                <action android:name="android.intent.action.MAIN" />
42-->src\main\AndroidManifest.xml:27:17-69
42-->src\main\AndroidManifest.xml:27:25-66
43
44                <category android:name="android.intent.category.LAUNCHER" />
44-->src\main\AndroidManifest.xml:28:17-77
44-->src\main\AndroidManifest.xml:28:27-74
45            </intent-filter>
46
47            <!-- USB attached intent filter to auto-launch the app -->
48            <intent-filter>
48-->src\main\AndroidManifest.xml:32:13-34:29
49                <action android:name="android.hardware.usb.action.USB_DEVICE_ATTACHED" />
49-->src\main\AndroidManifest.xml:33:17-90
49-->src\main\AndroidManifest.xml:33:25-87
50            </intent-filter>
51
52            <meta-data
52-->src\main\AndroidManifest.xml:35:13-37:57
53                android:name="android.hardware.usb.action.USB_DEVICE_ATTACHED"
53-->src\main\AndroidManifest.xml:36:17-79
54                android:resource="@xml/device_filter" />
54-->src\main\AndroidManifest.xml:37:17-54
55        </activity>
56
57        <service
57-->src\main\AndroidManifest.xml:40:9-43:40
58            android:name="com.van.status.UsbBackgroundService"
58-->src\main\AndroidManifest.xml:41:13-49
59            android:exported="false"
59-->src\main\AndroidManifest.xml:43:13-37
60            android:foregroundServiceType="connectedDevice" />
60-->src\main\AndroidManifest.xml:42:13-60
61
62        <activity
62-->[androidx.compose.ui:ui-test-manifest:1.5.0] AndroidManifest.xml:23:9-25:39
63            android:name="androidx.activity.ComponentActivity"
63-->[androidx.compose.ui:ui-test-manifest:1.5.0] AndroidManifest.xml:24:13-63
64            android:exported="true" />
64-->[androidx.compose.ui:ui-test-manifest:1.5.0] AndroidManifest.xml:25:13-36
65        <activity
65-->[androidx.compose.ui:ui-tooling-android:1.5.0] AndroidManifest.xml:23:9-25:39
66            android:name="androidx.compose.ui.tooling.PreviewActivity"
66-->[androidx.compose.ui:ui-tooling-android:1.5.0] AndroidManifest.xml:24:13-71
67            android:exported="true" />
67-->[androidx.compose.ui:ui-tooling-android:1.5.0] AndroidManifest.xml:25:13-36
68
69        <provider
69-->[androidx.emoji2:emoji2:1.4.0] AndroidManifest.xml:24:9-32:20
70            android:name="androidx.startup.InitializationProvider"
70-->[androidx.emoji2:emoji2:1.4.0] AndroidManifest.xml:25:13-67
71            android:authorities="com.van.status.androidx-startup"
71-->[androidx.emoji2:emoji2:1.4.0] AndroidManifest.xml:26:13-68
72            android:exported="false" >
72-->[androidx.emoji2:emoji2:1.4.0] AndroidManifest.xml:27:13-37
73            <meta-data
73-->[androidx.emoji2:emoji2:1.4.0] AndroidManifest.xml:29:13-31:52
74                android:name="androidx.emoji2.text.EmojiCompatInitializer"
74-->[androidx.emoji2:emoji2:1.4.0] AndroidManifest.xml:30:17-75
75                android:value="androidx.startup" />
75-->[androidx.emoji2:emoji2:1.4.0] AndroidManifest.xml:31:17-49
76            <meta-data
76-->[androidx.lifecycle:lifecycle-process:2.7.0] AndroidManifest.xml:29:13-31:52
77                android:name="androidx.lifecycle.ProcessLifecycleInitializer"
77-->[androidx.lifecycle:lifecycle-process:2.7.0] AndroidManifest.xml:30:17-78
78                android:value="androidx.startup" />
78-->[androidx.lifecycle:lifecycle-process:2.7.0] AndroidManifest.xml:31:17-49
79            <meta-data
79-->[androidx.profileinstaller:profileinstaller:1.3.0] AndroidManifest.xml:29:13-31:52
80                android:name="androidx.profileinstaller.ProfileInstallerInitializer"
80-->[androidx.profileinstaller:profileinstaller:1.3.0] AndroidManifest.xml:30:17-85
81                android:value="androidx.startup" />
81-->[androidx.profileinstaller:profileinstaller:1.3.0] AndroidManifest.xml:31:17-49
82        </provider>
83
84        <receiver
84-->[androidx.profileinstaller:profileinstaller:1.3.0] AndroidManifest.xml:34:9-52:20
85            android:name="androidx.profileinstaller.ProfileInstallReceiver"
85-->[androidx.profileinstaller:profileinstaller:1.3.0] AndroidManifest.xml:35:13-76
86            android:directBootAware="false"
86-->[androidx.profileinstaller:profileinstaller:1.3.0] AndroidManifest.xml:36:13-44
87            android:enabled="true"
87-->[androidx.profileinstaller:profileinstaller:1.3.0] AndroidManifest.xml:37:13-35
88            android:exported="true"
88-->[androidx.profileinstaller:profileinstaller:1.3.0] AndroidManifest.xml:38:13-36
89            android:permission="android.permission.DUMP" >
89-->[androidx.profileinstaller:profileinstaller:1.3.0] AndroidManifest.xml:39:13-57
90            <intent-filter>
90-->[androidx.profileinstaller:profileinstaller:1.3.0] AndroidManifest.xml:40:13-42:29
91                <action android:name="androidx.profileinstaller.action.INSTALL_PROFILE" />
91-->[androidx.profileinstaller:profileinstaller:1.3.0] AndroidManifest.xml:41:17-91
91-->[androidx.profileinstaller:profileinstaller:1.3.0] AndroidManifest.xml:41:25-88
92            </intent-filter>
93            <intent-filter>
93-->[androidx.profileinstaller:profileinstaller:1.3.0] AndroidManifest.xml:43:13-45:29
94                <action android:name="androidx.profileinstaller.action.SKIP_FILE" />
94-->[androidx.profileinstaller:profileinstaller:1.3.0] AndroidManifest.xml:44:17-85
94-->[androidx.profileinstaller:profileinstaller:1.3.0] AndroidManifest.xml:44:25-82
95            </intent-filter>
96            <intent-filter>
96-->[androidx.profileinstaller:profileinstaller:1.3.0] AndroidManifest.xml:46:13-48:29
97                <action android:name="androidx.profileinstaller.action.SAVE_PROFILE" />
97-->[androidx.profileinstaller:profileinstaller:1.3.0] AndroidManifest.xml:47:17-88
97-->[androidx.profileinstaller:profileinstaller:1.3.0] AndroidManifest.xml:47:25-85
98            </intent-filter>
99            <intent-filter>
99-->[androidx.profileinstaller:profileinstaller:1.3.0] AndroidManifest.xml:49:13-51:29
100                <action android:name="androidx.profileinstaller.action.BENCHMARK_OPERATION" />
100-->[androidx.profileinstaller:profileinstaller:1.3.0] AndroidManifest.xml:50:17-95
100-->[androidx.profileinstaller:profileinstaller:1.3.0] AndroidManifest.xml:50:25-92
101            </intent-filter>
102        </receiver>
103    </application>
104
105</manifest>